This is pdfTeX, Version 3.14159265-2.6-1.40.19 (MiKTeX 2.9.6840 64-bit) (preloaded format=pdflatex 2018.11.30)  5 NOV 2019 11:28
entering extended mode
**./Introduction.tex
(Introduction.tex
LaTeX2e <2018-04-01> patch level 5

("C:\Users\hanno\AppData\Local\Programs\MiKTeX 2.9\tex\latex\subfiles\subfiles.
cls"
Document Class: subfiles 2019/10/30 v1.5 Multi-file projects (class)
Preamble taken from file `Thesis_main.tex'
("C:\Users\hanno\AppData\Local\Programs\MiKTeX 2.9\tex\latex\tools\verbatim.sty
"
Package: verbatim 2014/10/28 v1.5q LaTeX2e package for verbatim enhancements
\every@verbatim=\toks14
\verbatim@line=\toks15
\verbatim@in@stream=\read1
)
("C:\Users\hanno\AppData\Local\Programs\MiKTeX 2.9\tex\latex\import\import.sty"
Package: import 2009/03/23  v 5.1
) (Thesis_main.tex
("C:\Users\hanno\AppData\Local\Programs\MiKTeX 2.9\tex\latex\base\article.cls"
Document Class: article 2014/09/29 v1.4h Standard LaTeX document class
("C:\Users\hanno\AppData\Local\Programs\MiKTeX 2.9\tex\latex\base\size12.clo"
File: size12.clo 2014/09/29 v1.4h Standard LaTeX file (size option)
)
\c@part=\count80
\c@section=\count81
\c@subsection=\count82
\c@subsubsection=\count83
\c@paragraph=\count84
\c@subparagraph=\count85
\c@figure=\count86
\c@table=\count87
\abovecaptionskip=\skip41
\belowcaptionskip=\skip42
\bibindent=\dimen102
) ("C:\Users\hanno\AppData\Local\Programs\MiKTeX 2.9\tex\generic\babel\babel.st
y"
Package: babel 2018/09/26 3.24 The Babel package

("C:\Users\hanno\AppData\Local\Programs\MiKTeX 2.9\tex\generic\babel\switch.def
"
File: switch.def 2018/09/26 3.24 Babel switching mechanism
)
*************************************
* Local config file bblopts.cfg used
*
("C:\Users\hanno\AppData\Local\Programs\MiKTeX 2.9\tex\latex\arabi\bblopts.cfg"
File: bblopts.cfg 2005/09/08 v0.1 add Arabic and Farsi to "declared" options of
 babel
)
("C:\Users\hanno\AppData\Local\Programs\MiKTeX 2.9\tex\latex\babel-german\ngerm
an.ldf"
Language: ngerman 2018/03/29 v2.10 German support for babel (post-1996 orthogra
phy)

("C:\Users\hanno\AppData\Local\Programs\MiKTeX 2.9\tex\latex\babel-german\ngerm
anb.ldf"
Language: ngermanb 2018/03/29 v2.10 German support for babel (post-1996 orthogr
aphy)

("C:\Users\hanno\AppData\Local\Programs\MiKTeX 2.9\tex\generic\babel\babel.def"
File: babel.def 2018/09/26 3.24 Babel common definitions
\babel@savecnt=\count88
\U@D=\dimen103

("C:\Users\hanno\AppData\Local\Programs\MiKTeX 2.9\tex\generic\babel\txtbabel.d
ef")
\bbl@dirlevel=\count89
)
Package babel Info: Making " an active character on input line 121.
))
("C:\Users\hanno\AppData\Local\Programs\MiKTeX 2.9\tex\latex\babel-english\engl
ish.ldf"
Language: english 2017/06/06 v3.3r English support from the babel system
\l@canadian = a dialect from \language\l@american 
\l@australian = a dialect from \language\l@british 
\l@newzealand = a dialect from \language\l@british 
))
("C:\Users\hanno\AppData\Local\Programs\MiKTeX 2.9\tex\latex\base\fontenc.sty"
Package: fontenc 2017/04/05 v2.0i Standard LaTeX package

("C:\Users\hanno\AppData\Local\Programs\MiKTeX 2.9\tex\latex\base\t1enc.def"
File: t1enc.def 2017/04/05 v2.0i Standard LaTeX file
LaTeX Font Info:    Redeclaring font encoding T1 on input line 48.
))
("C:\Users\hanno\AppData\Local\Programs\MiKTeX 2.9\tex\latex\units\nicefrac.sty
"
Package: nicefrac 1998/08/04 v0.9b Nice fractions
\L@UnitsRaiseDisplaystyle=\skip43
\L@UnitsRaiseTextstyle=\skip44
\L@UnitsRaiseScriptstyle=\skip45
 ("C:\Users\hanno\AppData\Local\Programs\MiKTeX 2.9\tex\latex\base\ifthen.sty"
Package: ifthen 2014/09/29 v1.1c Standard LaTeX ifthen package (DPC)
)) ("C:\Users\hanno\AppData\Local\Programs\MiKTeX 2.9\tex\latex\was\gensymb.sty
"
Package: gensymb 2003/07/02 v1.0 (WaS)
)
("C:\Users\hanno\AppData\Local\Programs\MiKTeX 2.9\tex\latex\amsmath\amsmath.st
y"
Package: amsmath 2017/09/02 v2.17a AMS math features
\@mathmargin=\skip46

For additional information on amsmath, use the `?' option.

("C:\Users\hanno\AppData\Local\Programs\MiKTeX 2.9\tex\latex\amsmath\amstext.st
y"
Package: amstext 2000/06/29 v2.01 AMS text

("C:\Users\hanno\AppData\Local\Programs\MiKTeX 2.9\tex\latex\amsmath\amsgen.sty
"
File: amsgen.sty 1999/11/30 v2.0 generic functions
\@emptytoks=\toks16
\ex@=\dimen104
))
("C:\Users\hanno\AppData\Local\Programs\MiKTeX 2.9\tex\latex\amsmath\amsbsy.sty
"
Package: amsbsy 1999/11/29 v1.2d Bold Symbols
\pmbraise@=\dimen105
)
("C:\Users\hanno\AppData\Local\Programs\MiKTeX 2.9\tex\latex\amsmath\amsopn.sty
"
Package: amsopn 2016/03/08 v2.02 operator names
)
\inf@bad=\count90
LaTeX Info: Redefining \frac on input line 213.
\uproot@=\count91
\leftroot@=\count92
LaTeX Info: Redefining \overline on input line 375.
\classnum@=\count93
\DOTSCASE@=\count94
LaTeX Info: Redefining \ldots on input line 472.
LaTeX Info: Redefining \dots on input line 475.
LaTeX Info: Redefining \cdots on input line 596.
\Mathstrutbox@=\box26
\strutbox@=\box27
\big@size=\dimen106
LaTeX Font Info:    Redeclaring font encoding OML on input line 712.
LaTeX Font Info:    Redeclaring font encoding OMS on input line 713.
\macc@depth=\count95
\c@MaxMatrixCols=\count96
\dotsspace@=\muskip10
\c@parentequation=\count97
\dspbrk@lvl=\count98
\tag@help=\toks17
\row@=\count99
\column@=\count100
\maxfields@=\count101
\andhelp@=\toks18
\eqnshift@=\dimen107
\alignsep@=\dimen108
\tagshift@=\dimen109
\tagwidth@=\dimen110
\totwidth@=\dimen111
\lineht@=\dimen112
\@envbody=\toks19
\multlinegap=\skip47
\multlinetaggap=\skip48
\mathdisplay@stack=\toks20
LaTeX Info: Redefining \[ on input line 2817.
LaTeX Info: Redefining \] on input line 2818.
)
("C:\Users\hanno\AppData\Local\Programs\MiKTeX 2.9\tex\latex\graphics\graphicx.
sty"
Package: graphicx 2017/06/01 v1.1a Enhanced LaTeX Graphics (DPC,SPQR)

("C:\Users\hanno\AppData\Local\Programs\MiKTeX 2.9\tex\latex\graphics\keyval.st
y"
Package: keyval 2014/10/28 v1.15 key=value parser (DPC)
\KV@toks@=\toks21
)
("C:\Users\hanno\AppData\Local\Programs\MiKTeX 2.9\tex\latex\graphics\graphics.
sty"
Package: graphics 2017/06/25 v1.2c Standard LaTeX Graphics (DPC,SPQR)

("C:\Users\hanno\AppData\Local\Programs\MiKTeX 2.9\tex\latex\graphics\trig.sty"
Package: trig 2016/01/03 v1.10 sin cos tan (DPC)
)
("C:\Users\hanno\AppData\Local\Programs\MiKTeX 2.9\tex\latex\graphics-cfg\graph
ics.cfg"
File: graphics.cfg 2016/06/04 v1.11 sample graphics configuration
)
Package graphics Info: Driver file: pdftex.def on input line 99.

("C:\Users\hanno\AppData\Local\Programs\MiKTeX 2.9\tex\latex\graphics-def\pdfte
x.def"
File: pdftex.def 2018/01/08 v1.0l Graphics/color driver for pdftex
))
\Gin@req@height=\dimen113
\Gin@req@width=\dimen114
)
("C:\Users\hanno\AppData\Local\Programs\MiKTeX 2.9\tex\latex\caption\caption.st
y"
Package: caption 2018/10/06 v3.3-154 Customizing captions (AR)

("C:\Users\hanno\AppData\Local\Programs\MiKTeX 2.9\tex\latex\caption\caption3.s
ty"
Package: caption3 2018/09/12 v1.8c caption3 kernel (AR)
Package caption3 Info: TeX engine: e-TeX on input line 64.
\captionmargin=\dimen115
\captionmargin@=\dimen116
\captionwidth=\dimen117
\caption@tempdima=\dimen118
\caption@indent=\dimen119
\caption@parindent=\dimen120
\caption@hangindent=\dimen121
)
\c@caption@flags=\count102
\c@ContinuedFloat=\count103
)
("C:\Users\hanno\AppData\Local\Programs\MiKTeX 2.9\tex\latex\caption\subcaption
.sty"
Package: subcaption 2018/05/01 v1.1-162 Sub-captions (AR)
\c@subfigure=\count104
\c@subtable=\count105
)
("C:\Users\hanno\AppData\Local\Programs\MiKTeX 2.9\tex\latex\blindtext\blindtex
t.sty"
Package: blindtext 2012/01/06 V2.0 blindtext-Package

("C:\Users\hanno\AppData\Local\Programs\MiKTeX 2.9\tex\latex\tools\xspace.sty"
Package: xspace 2014/10/28 v1.13 Space after command names (DPC,MH)
)
\c@blindtext=\count106
\c@Blindtext=\count107
\c@blind@countparstart=\count108
\blind@countxx=\count109
\blindtext@numBlindtext=\count110
\blind@countyy=\count111
\c@blindlist=\count112
\c@blindlistlevel=\count113
\c@blindlist@level=\count114
\blind@listitem=\count115
\c@blind@listcount=\count116
\c@blind@levelcount=\count117
\blind@mathformula=\count118
\blind@Mathformula=\count119
\c@blind@randomcount=\count120
\c@blind@randommax=\count121
\c@blind@pangramcount=\count122
\c@blind@pangrammax=\count123
)
("C:\Users\hanno\AppData\Local\Programs\MiKTeX 2.9\tex\latex\subfiles\subfiles.
sty"
Package: subfiles 2019/10/30 v1.5 Multi-file projects (package)
)
("C:\Users\hanno\AppData\Local\Programs\MiKTeX 2.9\tex\latex\hyperref\hyperref.
sty"
Package: hyperref 2018/09/30 v6.88a Hypertext links for LaTeX

("C:\Users\hanno\AppData\Local\Programs\MiKTeX 2.9\tex\generic\oberdiek\hobsub-
hyperref.sty"
Package: hobsub-hyperref 2016/05/16 v1.14 Bundle oberdiek, subset hyperref (HO)


("C:\Users\hanno\AppData\Local\Programs\MiKTeX 2.9\tex\generic\oberdiek\hobsub-
generic.sty"
Package: hobsub-generic 2016/05/16 v1.14 Bundle oberdiek, subset generic (HO)
Package: hobsub 2016/05/16 v1.14 Construct package bundles (HO)
Package: infwarerr 2016/05/16 v1.4 Providing info/warning/error messages (HO)
Package: ltxcmds 2016/05/16 v1.23 LaTeX kernel commands for general use (HO)
Package: ifluatex 2016/05/16 v1.4 Provides the ifluatex switch (HO)
Package ifluatex Info: LuaTeX not detected.
Package: ifvtex 2016/05/16 v1.6 Detect VTeX and its facilities (HO)
Package ifvtex Info: VTeX not detected.
Package: intcalc 2016/05/16 v1.2 Expandable calculations with integers (HO)
Package: ifpdf 2018/09/07 v3.3 Provides the ifpdf switch
Package: etexcmds 2016/05/16 v1.6 Avoid name clashes with e-TeX commands (HO)
Package etexcmds Info: Could not find \expanded.
(etexcmds)             That can mean that you are not using pdfTeX 1.50 or
(etexcmds)             that some package has redefined \expanded.
(etexcmds)             In the latter case, load this package earlier.
Package: kvsetkeys 2016/05/16 v1.17 Key value parser (HO)
Package: kvdefinekeys 2016/05/16 v1.4 Define keys (HO)
Package: pdftexcmds 2018/09/10 v0.29 Utility functions of pdfTeX for LuaTeX (HO
)
Package pdftexcmds Info: LuaTeX not detected.
Package pdftexcmds Info: \pdf@primitive is available.
Package pdftexcmds Info: \pdf@ifprimitive is available.
Package pdftexcmds Info: \pdfdraftmode found.
Package: pdfescape 2016/05/16 v1.14 Implements pdfTeX's escape features (HO)
Package: bigintcalc 2016/05/16 v1.4 Expandable calculations on big integers (HO
)
Package: bitset 2016/05/16 v1.2 Handle bit-vector datatype (HO)
Package: uniquecounter 2016/05/16 v1.3 Provide unlimited unique counter (HO)
)
Package hobsub Info: Skipping package `hobsub' (already loaded).
Package: letltxmacro 2016/05/16 v1.5 Let assignment for LaTeX macros (HO)
Package: hopatch 2016/05/16 v1.3 Wrapper for package hooks (HO)
Package: xcolor-patch 2016/05/16 xcolor patch
Package: atveryend 2016/05/16 v1.9 Hooks at the very end of document (HO)
Package: atbegshi 2016/06/09 v1.18 At begin shipout hook (HO)
Package: refcount 2016/05/16 v3.5 Data extraction from label references (HO)
Package: hycolor 2016/05/16 v1.8 Color options for hyperref/bookmark (HO)
)
("C:\Users\hanno\AppData\Local\Programs\MiKTeX 2.9\tex\generic\ifxetex\ifxetex.
sty"
Package: ifxetex 2010/09/12 v0.6 Provides ifxetex conditional
)
("C:\Users\hanno\AppData\Local\Programs\MiKTeX 2.9\tex\latex\oberdiek\auxhook.s
ty"
Package: auxhook 2016/05/16 v1.4 Hooks for auxiliary files (HO)


Package auxhook Warning: Cannot patch \document,
(auxhook)                using \AtBeginDocument instead.

)
("C:\Users\hanno\AppData\Local\Programs\MiKTeX 2.9\tex\latex\oberdiek\kvoptions
.sty"
Package: kvoptions 2016/05/16 v3.12 Key value format for package options (HO)
)
\@linkdim=\dimen122
\Hy@linkcounter=\count124
\Hy@pagecounter=\count125

("C:\Users\hanno\AppData\Local\Programs\MiKTeX 2.9\tex\latex\hyperref\pd1enc.de
f"
File: pd1enc.def 2018/09/30 v6.88a Hyperref: PDFDocEncoding definition (HO)
Now handling font encoding PD1 ...
... no UTF-8 mapping file for font encoding PD1
)
\Hy@SavedSpaceFactor=\count126

("C:\Users\hanno\AppData\Local\Programs\MiKTeX 2.9\tex\latex\00miktex\hyperref.
cfg"
File: hyperref.cfg 2002/06/06 v1.2 hyperref configuration of TeXLive
)
Package hyperref Info: Hyper figures OFF on input line 4535.
Package hyperref Info: Link nesting OFF on input line 4540.
Package hyperref Info: Hyper index ON on input line 4543.
Package hyperref Info: Plain pages OFF on input line 4550.
Package hyperref Info: Backreferencing OFF on input line 4555.
Package hyperref Info: Implicit mode ON; LaTeX internals redefined.
Package hyperref Info: Bookmarks ON on input line 4788.
\c@Hy@tempcnt=\count127
 ("C:\Users\hanno\AppData\Local\Programs\MiKTeX 2.9\tex\latex\url\url.sty"
\Urlmuskip=\muskip11
Package: url 2013/09/16  ver 3.4  Verb mode for urls, etc.
)
LaTeX Info: Redefining \url on input line 5141.
\XeTeXLinkMargin=\dimen123
\Fld@menulength=\count128
\Field@Width=\dimen124
\Fld@charsize=\dimen125
Package hyperref Info: Hyper figures OFF on input line 6396.
Package hyperref Info: Link nesting OFF on input line 6401.
Package hyperref Info: Hyper index ON on input line 6404.
Package hyperref Info: backreferencing OFF on input line 6411.
Package hyperref Info: Link coloring OFF on input line 6416.
Package hyperref Info: Link coloring with OCG OFF on input line 6421.
Package hyperref Info: PDF/A mode OFF on input line 6426.
LaTeX Info: Redefining \ref on input line 6466.
LaTeX Info: Redefining \pageref on input line 6470.
\Hy@abspage=\count129
\c@Item=\count130
\c@Hfootnote=\count131
)
Package hyperref Info: Driver (autodetected): hpdftex.

("C:\Users\hanno\AppData\Local\Programs\MiKTeX 2.9\tex\latex\hyperref\hpdftex.d
ef"
File: hpdftex.def 2018/09/30 v6.88a Hyperref driver for pdfTeX
\Fld@listcount=\count132
\c@bookmark@seq@number=\count133

("C:\Users\hanno\AppData\Local\Programs\MiKTeX 2.9\tex\latex\oberdiek\rerunfile
check.sty"
Package: rerunfilecheck 2016/05/16 v1.8 Rerun checks for auxiliary files (HO)
Package uniquecounter Info: New unique counter `rerunfilecheck' on input line 2
82.
)
\Hy@SectionHShift=\skip49
)
("C:\Users\hanno\AppData\Local\Programs\MiKTeX 2.9\tex\latex\tools\array.sty"
Package: array 2018/04/30 v2.4h Tabular extension package (FMi)
\col@sep=\dimen126
\ar@mcellbox=\box28
\extrarowheight=\dimen127
\NC@list=\toks22
\extratabsurround=\skip50
\backup@length=\skip51
\ar@cellbox=\box29
)
("C:\Users\hanno\AppData\Local\Programs\MiKTeX 2.9\tex\latex\fancyhdr\fancyhdr.
sty"
Package: fancyhdr 2019/01/31 v3.10 Extensive control of page headers and footer
s
\f@nch@headwidth=\skip52
\f@nch@O@elh=\skip53
\f@nch@O@erh=\skip54
\f@nch@O@olh=\skip55
\f@nch@O@orh=\skip56
\f@nch@O@elf=\skip57
\f@nch@O@erf=\skip58
\f@nch@O@olf=\skip59
\f@nch@O@orf=\skip60
)
("C:\Users\hanno\AppData\Local\Programs\MiKTeX 2.9\tex\latex\enumitem\enumitem.
sty"
Package: enumitem 2019/06/20 v3.9 Customized lists
\labelindent=\skip61
\enit@outerparindent=\dimen128
\enit@toks=\toks23
\enit@inbox=\box30
\enit@count@id=\count134
\enitdp@description=\count135
)
("C:\Users\hanno\AppData\Local\Programs\MiKTeX 2.9\tex\latex\tools\afterpage.st
y"
Package: afterpage 2014/10/28 v1.08 After-Page Package (DPC)
\AP@output=\toks24
\AP@partial=\box31
\AP@footins=\box32
)
("C:\Users\hanno\AppData\Local\Programs\MiKTeX 2.9\tex\latex\siunitx\siunitx.st
y"
("C:\Users\hanno\AppData\Local\Programs\MiKTeX 2.9\tex\latex\l3kernel\expl3.sty
"
Package: expl3 2019-10-28 L3 programming layer (loader) 

("C:\Users\hanno\AppData\Local\Programs\MiKTeX 2.9\tex\latex\l3kernel\expl3-cod
e.tex"
Package: expl3 2019-10-28 L3 programming layer (code)
\c_max_int=\count136
\l_tmpa_int=\count137
\l_tmpb_int=\count138
\g_tmpa_int=\count139
\g_tmpb_int=\count140
\l__seq_internal_a_int=\count141
\l__seq_internal_b_int=\count142
\g__kernel_prg_map_int=\count143
\c__ior_term_noprompt_ior=\count144
\c_log_iow=\count145
\l_iow_line_count_int=\count146
\l__iow_line_target_int=\count147
\l__iow_one_indent_int=\count148
\l__iow_indent_int=\count149
\c_zero_dim=\dimen129
\c_max_dim=\dimen130
\l_tmpa_dim=\dimen131
\l_tmpb_dim=\dimen132
\g_tmpa_dim=\dimen133
\g_tmpb_dim=\dimen134
\c_zero_skip=\skip62
\c_max_skip=\skip63
\l_tmpa_skip=\skip64
\l_tmpb_skip=\skip65
\g_tmpa_skip=\skip66
\g_tmpb_skip=\skip67
\c_zero_muskip=\muskip12
\c_max_muskip=\muskip13
\l_tmpa_muskip=\muskip14
\l_tmpb_muskip=\muskip15
\g_tmpa_muskip=\muskip16
\g_tmpb_muskip=\muskip17
\l_keys_choice_int=\count150
\l__intarray_loop_int=\count151
\c__intarray_sp_dim=\dimen135
\g__intarray_font_int=\count152
\c__fp_leading_shift_int=\count153
\c__fp_middle_shift_int=\count154
\c__fp_trailing_shift_int=\count155
\c__fp_big_leading_shift_int=\count156
\c__fp_big_middle_shift_int=\count157
\c__fp_big_trailing_shift_int=\count158
\c__fp_Bigg_leading_shift_int=\count159
\c__fp_Bigg_middle_shift_int=\count160
\c__fp_Bigg_trailing_shift_int=\count161
\c__kernel_randint_max_int=\count162
\g__fp_array_int=\count163
\l__fp_array_loop_int=\count164
\l__sort_length_int=\count165
\l__sort_min_int=\count166
\l__sort_top_int=\count167
\l__sort_max_int=\count168
\l__sort_true_max_int=\count169
\l__sort_block_int=\count170
\l__sort_begin_int=\count171
\l__sort_end_int=\count172
\l__sort_A_int=\count173
\l__sort_B_int=\count174
\l__sort_C_int=\count175
\l__str_internal_int=\count176
\c__str_replacement_char_int=\count177
\l__tl_analysis_normal_int=\count178
\l__tl_analysis_index_int=\count179
\l__tl_analysis_nesting_int=\count180
\l__tl_analysis_type_int=\count181
\l__regex_internal_a_int=\count182
\l__regex_internal_b_int=\count183
\l__regex_internal_c_int=\count184
\l__regex_balance_int=\count185
\l__regex_group_level_int=\count186
\l__regex_mode_int=\count187
\c__regex_cs_in_class_mode_int=\count188
\c__regex_cs_mode_int=\count189
\l__regex_catcodes_int=\count190
\l__regex_default_catcodes_int=\count191
\c__regex_catcode_D_int=\count192
\c__regex_catcode_S_int=\count193
\c__regex_catcode_L_int=\count194
\c__regex_catcode_O_int=\count195
\c__regex_catcode_A_int=\count196
\c__regex_all_catcodes_int=\count197
\l__regex_show_lines_int=\count198
\l__regex_min_state_int=\count199
\l__regex_max_state_int=\count266
\l__regex_left_state_int=\count267
\l__regex_right_state_int=\count268
\l__regex_capturing_group_int=\count269
\l__regex_min_pos_int=\count270
\l__regex_max_pos_int=\count271
\l__regex_curr_pos_int=\count272
\l__regex_start_pos_int=\count273
\l__regex_success_pos_int=\count274
\l__regex_curr_char_int=\count275
\l__regex_curr_catcode_int=\count276
\l__regex_last_char_int=\count277
\l__regex_case_changed_char_int=\count278
\l__regex_curr_state_int=\count279
\l__regex_step_int=\count280
\l__regex_min_active_int=\count281
\l__regex_max_active_int=\count282
\l__regex_replacement_csnames_int=\count283
\l__regex_match_count_int=\count284
\l__regex_min_submatch_int=\count285
\l__regex_submatch_int=\count286
\l__regex_zeroth_submatch_int=\count287
\g__regex_trace_regex_int=\count288
\c_empty_box=\box33
\l_tmpa_box=\box34
\l_tmpb_box=\box35
\g_tmpa_box=\box36
\g_tmpb_box=\box37
\l__box_top_dim=\dimen136
\l__box_bottom_dim=\dimen137
\l__box_left_dim=\dimen138
\l__box_right_dim=\dimen139
\l__box_top_new_dim=\dimen140
\l__box_bottom_new_dim=\dimen141
\l__box_left_new_dim=\dimen142
\l__box_right_new_dim=\dimen143
\l__box_internal_box=\box38
\l__coffin_internal_box=\box39
\l__coffin_internal_dim=\dimen144
\l__coffin_offset_x_dim=\dimen145
\l__coffin_offset_y_dim=\dimen146
\l__coffin_x_dim=\dimen147
\l__coffin_y_dim=\dimen148
\l__coffin_x_prime_dim=\dimen149
\l__coffin_y_prime_dim=\dimen150
\c_empty_coffin=\box40
\l__coffin_aligned_coffin=\box41
\l__coffin_aligned_internal_coffin=\box42
\l_tmpa_coffin=\box43
\l_tmpb_coffin=\box44
\g_tmpa_coffin=\box45
\g_tmpb_coffin=\box46
\l__coffin_bounding_shift_dim=\dimen151
\l__coffin_left_corner_dim=\dimen152
\l__coffin_right_corner_dim=\dimen153
\l__coffin_bottom_corner_dim=\dimen154
\l__coffin_top_corner_dim=\dimen155
\l__coffin_scaled_total_height_dim=\dimen156
\l__coffin_scaled_width_dim=\dimen157
\c__coffin_empty_coffin=\box47
\l__coffin_display_coffin=\box48
\l__coffin_display_coord_coffin=\box49
\l__coffin_display_pole_coffin=\box50
\l__coffin_display_offset_dim=\dimen158
\l__coffin_display_x_dim=\dimen159
\l__coffin_display_y_dim=\dimen160
\g__char_data_ior=\read2

("C:\Users\hanno\AppData\Local\Programs\MiKTeX 2.9\tex\latex\l3kernel\l3depreca
tion.def"
File: l3deprecation.def 2019-04-06 v L3 Deprecated functions
))

! LaTeX Error: File `l3backend-pdfmode.def' not found.

Type X to quit or <RETURN> to proceed,
or enter new name. (Default extension: def)

Enter file name: 
! Emergency stop.
<read *> 
         
l.104   { \sys_load_backend:n { } }
                                    
*** (cannot \read from terminal in nonstop modes)

 
Here is how much of TeX's memory you used:
 17303 strings out of 492970
 304307 string characters out of 3126593
 390781 words of memory out of 3000000
 21089 multiletter control sequences out of 15000+200000
 533400 words of font info for 26 fonts, out of 3000000 for 9000
 1141 hyphenation exceptions out of 8191
 51i,0n,70p,282b,317s stack positions out of 5000i,500n,10000p,200000b,50000s
!  ==> Fatal error occurred, no output PDF file produced!
